This is pdfTeX, Version 3.141592653-2.6-1.40.28 (MiKTeX 25.12) (preloaded format=pdflatex 2026.7.12)  19 JUL 2026 13:12
entering extended mode
 restricted \write18 enabled.
 file:line:error style messages enabled.
 %&-line parsing enabled.
**"c:/Users/lucio/OneDrive/0) Studium/Deep Hedging/Thesis Workspace/Chapter 4/extension_with_A1_to_A6.tex"
(c:/Users/lucio/OneDrive/0) Studium/Deep Hedging/Thesis Workspace/Chapter 4/extension_with_A1_to_A6.tex
LaTeX2e <2025-11-01>
L3 programming layer <2025-12-24>
(C:\Users\lucio\AppData\Local\Programs\MiKTeX\tex/latex/base\report.cls
Document Class: report 2025/01/22 v1.4n Standard LaTeX document class
(C:\Users\lucio\AppData\Local\Programs\MiKTeX\tex/latex/base\size11.clo
File: size11.clo 2025/01/22 v1.4n Standard LaTeX file (size option)
)
\c@part=\count275
\c@chapter=\count276
\c@section=\count277
\c@subsection=\count278
\c@subsubsection=\count279
\c@paragraph=\count280
\c@subparagraph=\count281
\c@figure=\count282
\c@table=\count283
\abovecaptionskip=\skip49
\belowcaptionskip=\skip50
\bibindent=\dimen148
) (C:\Users\lucio\AppData\Local\Programs\MiKTeX\tex/latex/base\fontenc.sty
Package: fontenc 2025/07/18 v2.1d Standard LaTeX package
) (C:\Users\lucio\AppData\Local\Programs\MiKTeX\tex/latex/base\inputenc.sty
Package: inputenc 2024/02/08 v1.3d Input encoding file
\inpenc@prehook=\toks17
\inpenc@posthook=\toks18
) (C:\Users\lucio\AppData\Local\Programs\MiKTeX\tex/latex/amsmath\amsmath.sty
Package: amsmath 2025/07/09 v2.17z AMS math features
\@mathmargin=\skip51

For additional information on amsmath, use the `?' option.
(C:\Users\lucio\AppData\Local\Programs\MiKTeX\tex/latex/amsmath\amstext.sty
Package: amstext 2024/11/17 v2.01 AMS text
 (C:\Users\lucio\AppData\Local\Programs\MiKTeX\tex/latex/amsmath\amsgen.sty
File: amsgen.sty 1999/11/30 v2.0 generic functions
\@emptytoks=\toks19
\ex@=\dimen149
)) (C:\Users\lucio\AppData\Local\Programs\MiKTeX\tex/latex/amsmath\amsbsy.sty
Package: amsbsy 1999/11/29 v1.2d Bold Symbols
\pmbraise@=\dimen150
) (C:\Users\lucio\AppData\Local\Programs\MiKTeX\tex/latex/amsmath\amsopn.sty
Package: amsopn 2022/04/08 v2.04 operator names
)
\inf@bad=\count284
LaTeX Info: Redefining \frac on input line 233.
\uproot@=\count285
\leftroot@=\count286
LaTeX Info: Redefining \overline on input line 398.
LaTeX Info: Redefining \colon on input line 409.
\classnum@=\count287
\DOTSCASE@=\count288
LaTeX Info: Redefining \ldots on input line 495.
LaTeX Info: Redefining \dots on input line 498.
LaTeX Info: Redefining \cdots on input line 619.
\Mathstrutbox@=\box53
\strutbox@=\box54
LaTeX Info: Redefining \big on input line 721.
LaTeX Info: Redefining \Big on input line 722.
LaTeX Info: Redefining \bigg on input line 723.
LaTeX Info: Redefining \Bigg on input line 724.
\big@size=\dimen151
LaTeX Font Info:    Redeclaring font encoding OML on input line 742.
LaTeX Font Info:    Redeclaring font encoding OMS on input line 743.
\macc@depth=\count289
LaTeX Info: Redefining \bmod on input line 904.
LaTeX Info: Redefining \pmod on input line 909.
LaTeX Info: Redefining \smash on input line 939.
LaTeX Info: Redefining \relbar on input line 969.
LaTeX Info: Redefining \Relbar on input line 970.
\c@MaxMatrixCols=\count290
\dotsspace@=\muskip17
\c@parentequation=\count291
\dspbrk@lvl=\count292
\tag@help=\toks20
\row@=\count293
\column@=\count294
\maxfields@=\count295
\andhelp@=\toks21
\eqnshift@=\dimen152
\alignsep@=\dimen153
\tagshift@=\dimen154
\tagwidth@=\dimen155
\totwidth@=\dimen156
\lineht@=\dimen157
\@envbody=\toks22
\multlinegap=\skip52
\multlinetaggap=\skip53
\mathdisplay@stack=\toks23
LaTeX Info: Redefining \[ on input line 2950.
LaTeX Info: Redefining \] on input line 2951.
) (C:\Users\lucio\AppData\Local\Programs\MiKTeX\tex/latex/amsfonts\amssymb.sty
Package: amssymb 2013/01/14 v3.01 AMS font symbols
 (C:\Users\lucio\AppData\Local\Programs\MiKTeX\tex/latex/amsfonts\amsfonts.sty
Package: amsfonts 2013/01/14 v3.01 Basic AMSFonts support
\symAMSa=\mathgroup4
\symAMSb=\mathgroup5
LaTeX Font Info:    Redeclaring math symbol \hbar on input line 98.
LaTeX Font Info:    Overwriting math alphabet `\mathfrak' in version `bold'
(Font)                  U/euf/m/n --> U/euf/b/n on input line 106.
)) (C:\Users\lucio\AppData\Local\Programs\MiKTeX\tex/latex/amscls\amsthm.sty
Package: amsthm 2020/05/29 v2.20.6
\thm@style=\toks24
\thm@bodyfont=\toks25
\thm@headfont=\toks26
\thm@notefont=\toks27
\thm@headpunct=\toks28
\thm@preskip=\skip54
\thm@postskip=\skip55
\thm@headsep=\skip56
\dth@everypar=\toks29
) (C:\Users\lucio\AppData\Local\Programs\MiKTeX\tex/latex/enumitem\enumitem.sty
Package: enumitem 2025/02/06 v3.11 Customized lists
\enitkv@toks@=\toks30
\labelindent=\skip57
\enit@outerparindent=\dimen158
\enit@toks=\toks31
\enit@inbox=\box55
\enit@count@id=\count296
\enitdp@description=\count297
)
\c@proposition=\count298
 (C:\Users\lucio\AppData\Local\Programs\MiKTeX\tex/latex/l3backend\l3backend-pdftex.def
File: l3backend-pdftex.def 2025-10-09 L3 backend support: PDF output (pdfTeX)
\l__color_backend_stack_int=\count299
) (extension_with_A1_to_A6.aux)
\openout1 = `extension_with_A1_to_A6.aux'.

LaTeX Font Info:    Checking defaults for OML/cmm/m/it on input line 60.
LaTeX Font Info:    ... okay on input line 60.
LaTeX Font Info:    Checking defaults for OMS/cmsy/m/n on input line 60.
LaTeX Font Info:    ... okay on input line 60.
LaTeX Font Info:    Checking defaults for OT1/cmr/m/n on input line 60.
LaTeX Font Info:    ... okay on input line 60.
LaTeX Font Info:    Checking defaults for T1/cmr/m/n on input line 60.
LaTeX Font Info:    ... okay on input line 60.
LaTeX Font Info:    Checking defaults for TS1/cmr/m/n on input line 60.
LaTeX Font Info:    ... okay on input line 60.
LaTeX Font Info:    Checking defaults for OMX/cmex/m/n on input line 60.
LaTeX Font Info:    ... okay on input line 60.
LaTeX Font Info:    Checking defaults for U/cmr/m/n on input line 60.
LaTeX Font Info:    ... okay on input line 60.

Chapter 4.
LaTeX Font Info:    Trying to load font information for U+msa on input line 66.
(C:\Users\lucio\AppData\Local\Programs\MiKTeX\tex/latex/amsfonts\umsa.fd
File: umsa.fd 2013/01/14 v3.01 AMS symbols A
)
LaTeX Font Info:    Trying to load font information for U+msb on input line 66.
 (C:\Users\lucio\AppData\Local\Programs\MiKTeX\tex/latex/amsfonts\umsb.fd
File: umsb.fd 2013/01/14 v3.01 AMS symbols B
)
Overfull \hbox (9.06621pt too wide) in paragraph at lines 66--67
\T1/cmr/m/n/10.95 The com-pan-ion draft \T1/cmtt/m/n/10.95 extension_of_approximation_on_general.tex \T1/cmr/m/n/10.95 showed
 []

[1


{C:/Users/lucio/AppData/Local/MiKTeX/fonts/map/pdftex/pdftex.map}] [2]
Overfull \hbox (24.7804pt too wide) in paragraph at lines 137--138
[]$\OMS/cmsy/m/n/10.95 H[]$ \T1/cmr/m/n/10.95 is bounded in $\OML/cmm/m/it/10.95 L[]$\T1/cmr/m/n/10.95 : for ev-ery $\OML/cmm/m/it/10.95 " > \OT1/cmr/m/n/10.95 0$ \T1/cmr/m/n/10.95 there is $\OML/cmm/m/it/10.95 K \OMS/cmsy/m/n/10.95 ^^U \OT1/cmr/m/n/10.95 0$ \T1/cmr/m/n/10.95 with $[][] \U/msb/m/n/10.95 P\OT1/cmr/m/n/10.95 [\OMS/cmsy/m/n/10.95 j\OML/cmm/m/it/10.95 W\OT1/cmr/m/n/10.95 (\OML/cmm/m/it/10.95 ^^N\OT1/cmr/m/n/10.95 )\OMS/cmsy/m/n/10.95 j \OML/cmm/m/it/10.95 >
 []

[3]
Overfull \hbox (4.23389pt too wide) in paragraph at lines 154--155
 \T1/cmr/bx/n/10.95 On (F3)/(F4): the en-ve-lope.[] \T1/cmr/m/n/10.95 The upper-semicontinuity lemma for OCEs
 []


Overfull \hbox (0.31718pt too wide) in paragraph at lines 164--165
\T1/cmr/m/n/10.95 convergence ar-gu-ment be-low. They reap-pear only when one asks for strategy-
 []

[4]
Overfull \hbox (8.50948pt too wide) in paragraph at lines 186--188
\T1/cmr/m/n/10.95 a de-ter-min-is-tic (hence in-te-grable) con-stant. Ex-tend $\OML/cmm/m/it/10.95 `$ \T1/cmr/m/n/10.95 to $\OT1/cmr/m/n/10.95 [\OMS/cmsy/m/n/10.95 ^^@1\OML/cmm/m/it/10.95 ; \OMS/cmsy/m/n/10.95 1\OT1/cmr/m/n/10.95 )$ \T1/cmr/m/n/10.95 by $\OML/cmm/m/it/10.95 `\OT1/cmr/m/n/10.95 (\OMS/cmsy/m/n/10.95 ^^@1\OT1/cmr/m/n/10.95 ) :=
 []


Overfull \hbox (11.22888pt too wide) in paragraph at lines 186--188
\T1/cmr/m/n/10.95 Ap-ply-ing this with $\OML/cmm/m/it/10.95 a[] \OT1/cmr/m/n/10.95 = \OMS/cmsy/m/n/10.95 ^^@\OML/cmm/m/it/10.95 Y[] \OMS/cmsy/m/n/10.95 ^^@ \OML/cmm/m/it/10.95 w$ \T1/cmr/m/n/10.95 and us-ing $[][]\OT1/cmr/m/n/10.95 (\OMS/cmsy/m/n/10.95 ^^@\OML/cmm/m/it/10.95 Y[]\OT1/cmr/m/n/10.95 ) = \OMS/cmsy/m/n/10.95 ^^@ [][] \OML/cmm/m/it/10.95 Y[] \OMS/cmsy/m/n/10.95 ^^T
 []

[5] [6] [7] [8] [9]
Overfull \hbox (8.78737pt too wide) in paragraph at lines 373--374
[]\T1/cmr/m/it/10.95 Every con-tin-u-ous strat-egy has in-fi-nite risk. \T1/cmr/m/n/10.95 Let $\OML/cmm/m/it/10.95 ^^Q[] \OT1/cmr/m/n/10.95 = \OML/cmm/m/it/10.95 F\OT1/cmr/m/n/10.95 (\OML/cmm/m/it/10.95 U\OT1/cmr/m/n/10.95 )$ \T1/cmr/m/n/10.95 with $\OML/cmm/m/it/10.95 F [] [] \OT1/cmr/m/n/10.95 (0\OML/cmm/m/it/10.95 ; \OT1/cmr/m/n/10.95 1) \OMS/cmsy/m/n/10.95 !
 []

[10] [11] [12] [13] [14]
Overfull \hbox (0.52222pt too wide) in paragraph at lines 558--560
\T1/cmr/m/n/10.95 in prob-a-bil-ity, with $\OML/cmm/m/it/10.95 A[]$ $\OMS/cmsy/m/n/10.95 F[]$\T1/cmr/m/n/10.95 -measurable. The conditional-expectation lower
 []

[15] [16] [17

] (extension_with_A1_to_A6.aux)
 ***********
LaTeX2e <2025-11-01>
L3 programming layer <2025-12-24>
 ***********
 ) 
Here is how much of TeX's memory you used:
 2506 strings out of 467871
 36238 string characters out of 5418376
 449733 words of memory out of 5000000
 31393 multiletter control sequences out of 15000+600000
 644006 words of font info for 74 fonts, out of 8000000 for 9000
 1141 hyphenation exceptions out of 8191
 56i,13n,65p,977b,297s stack positions out of 10000i,1000n,20000p,200000b,200000s
 <C:\Users\lucio\AppData\Local\MiKTeX\fonts/pk/ljfour/jknappen/ec/dpi600\ecti1095.pk> <C:\Users\lucio\AppData\Local\MiKTeX\fonts/pk/ljfour/jknappen/ec/dpi600\ecbx1095.pk> <C:\Users\lucio\AppData\Local\MiKTeX\fonts/pk/ljfour/jknappen/ec/dpi600\ecbx1200.pk> <C:\Users\lucio\AppData\Local\MiKTeX\fonts/pk/ljfour/jknappen/ec/dpi600\ecbx1440.pk> <C:\Users\lucio\AppData\Local\MiKTeX\fonts/pk/ljfour/jknappen/ec/dpi600\ectt1095.pk> <C:\Users\lucio\AppData\Local\MiKTeX\fonts/pk/ljfour/jknappen/ec/dpi600\ecrm1095.pk> <C:\Users\lucio\AppData\Local\MiKTeX\fonts/pk/ljfour/jknappen/ec/dpi600\ecbx2488.pk> <C:\Users\lucio\AppData\Local\MiKTeX\fonts/pk/ljfour/jknappen/ec/dpi600\ecbx2074.pk><C:/Users/lucio/AppData/Local/Programs/MiKTeX/fonts/type1/public/amsfonts/cm/cmex10.pfb><C:/Users/lucio/AppData/Local/Programs/MiKTeX/fonts/type1/public/amsfonts/cm/cmmi10.pfb><C:/Users/lucio/AppData/Local/Programs/MiKTeX/fonts/type1/public/amsfonts/cm/cmmi6.pfb><C:/Users/lucio/AppData/Local/Programs/MiKTeX/fonts/type1/public/amsfonts/cm/cmmi8.pfb><C:/Users/lucio/AppData/Local/Programs/MiKTeX/fonts/type1/public/amsfonts/cm/cmr10.pfb><C:/Users/lucio/AppData/Local/Programs/MiKTeX/fonts/type1/public/amsfonts/cm/cmr6.pfb><C:/Users/lucio/AppData/Local/Programs/MiKTeX/fonts/type1/public/amsfonts/cm/cmr8.pfb><C:/Users/lucio/AppData/Local/Programs/MiKTeX/fonts/type1/public/amsfonts/cm/cmsy10.pfb><C:/Users/lucio/AppData/Local/Programs/MiKTeX/fonts/type1/public/amsfonts/cm/cmsy6.pfb><C:/Users/lucio/AppData/Local/Programs/MiKTeX/fonts/type1/public/amsfonts/cm/cmsy8.pfb><C:/Users/lucio/AppData/Local/Programs/MiKTeX/fonts/type1/public/amsfonts/symbols/msbm10.pfb>
Output written on extension_with_A1_to_A6.pdf (17 pages, 311762 bytes).
PDF statistics:
 456 PDF objects out of 1000 (max. 8388607)
 0 named destinations out of 1000 (max. 500000)
 1 words of extra memory for PDF output out of 10000 (max. 10000000)

